  OpenCLImageAnalyse.cpp
OpenCLImageAnalyse.cpp(157): warning C4273: 'OpenCLImageAnalyse::OCL': inconsistent dll linkage
  c:\users\dinf0014_admin\desktop\amigo\dllproject\dllproject\OpenCLImageAnalyse.h(13): note: see previous definition of 'OCL'
OpenCLImageAnalyse.cpp(201): warning C4101: 'retInfo': unreferenced local variable
OpenCLImageAnalyse.cpp(202): warning C4101: 'sizeRet': unreferenced local variable
OpenCLImageAnalyse.cpp(349): warning C4838: conversion from 'const int' to 'size_t' requires a narrowing conversion
OpenCLImageAnalyse.cpp(370): warning C4273: 'OpenCLImageAnalyse::MatMulV1Call': inconsistent dll linkage
  c:\users\dinf0014_admin\desktop\amigo\dllproject\dllproject\OpenCLImageAnalyse.h(14): note: see previous definition of 'MatMulV1Call'
OpenCLImageAnalyse.cpp(416): warning C4018: '<': signed/unsigned mismatch
OpenCLImageAnalyse.cpp(432): warning C4018: '<': signed/unsigned mismatch
OpenCLImageAnalyse.cpp(400): warning C4101: 'retInfo': unreferenced local variable
OpenCLImageAnalyse.cpp(401): warning C4101: 'sizeRet': unreferenced local variable
OpenCLImageAnalyse.cpp(506): warning C4838: conversion from 'const int' to 'size_t' requires a narrowing conversion
OpenCLImageAnalyse.cpp(528): warning C4273: 'OpenCLImageAnalyse::MatMulV2Call': inconsistent dll linkage
  c:\users\dinf0014_admin\desktop\amigo\dllproject\dllproject\OpenCLImageAnalyse.h(15): note: see previous definition of 'MatMulV2Call'
OpenCLImageAnalyse.cpp(574): warning C4018: '<': signed/unsigned mismatch
OpenCLImageAnalyse.cpp(558): warning C4101: 'retInfo': unreferenced local variable
OpenCLImageAnalyse.cpp(559): warning C4101: 'sizeRet': unreferenced local variable
OpenCLImageAnalyse.cpp(662): warning C4838: conversion from 'const int' to 'size_t' requires a narrowing conversion
OpenCLImageAnalyse.cpp(682): warning C4273: 'OpenCLImageAnalyse::MatMulV3Call': inconsistent dll linkage
  c:\users\dinf0014_admin\desktop\amigo\dllproject\dllproject\OpenCLImageAnalyse.h(16): note: see previous definition of 'MatMulV3Call'
OpenCLImageAnalyse.cpp(728): warning C4018: '<': signed/unsigned mismatch
OpenCLImageAnalyse.cpp(747): warning C4018: '<': signed/unsigned mismatch
OpenCLImageAnalyse.cpp(712): warning C4101: 'retInfo': unreferenced local variable
OpenCLImageAnalyse.cpp(713): warning C4101: 'sizeRet': unreferenced local variable
OpenCLImageAnalyse.cpp(787): warning C4273: 'OpenCLImageAnalyse::BitmapAnalyse': inconsistent dll linkage
  c:\users\dinf0014_admin\desktop\amigo\dllproject\dllproject\OpenCLImageAnalyse.h(19): note: see previous definition of 'BitmapAnalyse'
OpenCLImageAnalyse.cpp(806): warning C4018: '<': signed/unsigned mismatch
OpenCLImageAnalyse.cpp(808): warning C4018: '<': signed/unsigned mismatch
OpenCLImageAnalyse.cpp(814): warning C4018: '<': signed/unsigned mismatch
OpenCLImageAnalyse.cpp(816): warning C4018: '<': signed/unsigned mismatch
OpenCLImageAnalyse.cpp(818): warning C4018: '<': signed/unsigned mismatch
OpenCLImageAnalyse.cpp(821): warning C4267: '=': conversion from 'size_t' to 'char', possible loss of data
OpenCLImageAnalyse.cpp(872): warning C4018: '<': signed/unsigned mismatch
OpenCLImageAnalyse.cpp(886): warning C4244: 'initializing': conversion from 'double' to 'int', possible loss of data
OpenCLImageAnalyse.cpp(898): warning C4838: conversion from 'int' to 'size_t' requires a narrowing conversion
OpenCLImageAnalyse.cpp(907): warning C4018: '<': signed/unsigned mismatch
OpenCLImageAnalyse.cpp(938): warning C4273: 'OpenCLImageAnalyse::BitmapAnalyseV2': inconsistent dll linkage
  c:\users\dinf0014_admin\desktop\amigo\dllproject\dllproject\OpenCLImageAnalyse.h(20): note: see previous definition of 'BitmapAnalyseV2'
OpenCLImageAnalyse.cpp(987): warning C4018: '<': signed/unsigned mismatch
OpenCLImageAnalyse.cpp(989): warning C4018: '<': signed/unsigned mismatch
OpenCLImageAnalyse.cpp(994): warning C4018: '<': signed/unsigned mismatch
OpenCLImageAnalyse.cpp(996): warning C4018: '<': signed/unsigned mismatch
OpenCLImageAnalyse.cpp(1033): warning C4244: 'initializing': conversion from 'double' to 'int', possible loss of data
OpenCLImageAnalyse.cpp(1047): warning C4838: conversion from 'int' to 'size_t' requires a narrowing conversion
OpenCLImageAnalyse.cpp(1056): warning C4018: '<': signed/unsigned mismatch
OpenCLImageAnalyse.cpp(1058): warning C4018: '<': signed/unsigned mismatch
     Creating library C:\Users\dinf0014_admin\Desktop\Amigo\DLLProject\Release\OpenCLDLL.lib and object C:\Users\dinf0014_admin\Desktop\Amigo\DLLProject\Release\OpenCLDLL.exp
  Generating code
  0 of 16 functions ( 0.0%) were compiled, the rest were copied from previous compilation.
    0 functions were new in current compilation
    0 functions had inline decision re-evaluated but remain unchanged
  Finished generating code
  DLLProject.vcxproj -> C:\Users\dinf0014_admin\Desktop\Amigo\DLLProject\Release\OpenCLDLL.dll
