c:\users\dinf0014_admin\desktop\amigo\dllproject\release\opencldll.bsc
c:\users\dinf0014_admin\desktop\amigo\dllproject\dllproject\release\opencldll.pch
c:\users\dinf0014_admin\desktop\amigo\dllproject\dllproject\release\vc140.pdb
c:\users\dinf0014_admin\desktop\amigo\dllproject\dllproject\release\stdafx.sbr
c:\users\dinf0014_admin\desktop\amigo\dllproject\dllproject\release\stdafx.obj
c:\users\dinf0014_admin\desktop\amigo\dllproject\dllproject\release\dllmain.sbr
c:\users\dinf0014_admin\desktop\amigo\dllproject\dllproject\release\dllmain.obj
c:\users\dinf0014_admin\desktop\amigo\dllproject\dllproject\release\openclimageanalyse.sbr
c:\users\dinf0014_admin\desktop\amigo\dllproject\dllproject\release\openclimageanalyse.obj
c:\users\dinf0014_admin\desktop\amigo\dllproject\release\opencldll.dll
c:\users\dinf0014_admin\desktop\amigo\dllproject\release\opencldll.ipdb
c:\users\dinf0014_admin\desktop\amigo\dllproject\release\opencldll.iobj
c:\users\dinf0014_admin\desktop\amigo\dllproject\release\opencldll.pdb
c:\users\dinf0014_admin\desktop\amigo\dllproject\release\opencldll.lib
c:\users\dinf0014_admin\desktop\amigo\dllproject\release\opencldll.exp
c:\users\dinf0014_admin\desktop\amigo\dllproject\dllproject\release\opencldll.tlog\bscmake.command.1.tlog
c:\users\dinf0014_admin\desktop\amigo\dllproject\dllproject\release\opencldll.tlog\bscmake.read.1.tlog
c:\users\dinf0014_admin\desktop\amigo\dllproject\dllproject\release\opencldll.tlog\bscmake.write.1.tlog
c:\users\dinf0014_admin\desktop\amigo\dllproject\dllproject\release\opencldll.tlog\cl.command.1.tlog
c:\users\dinf0014_admin\desktop\amigo\dllproject\dllproject\release\opencldll.tlog\cl.read.1.tlog
c:\users\dinf0014_admin\desktop\amigo\dllproject\dllproject\release\opencldll.tlog\cl.write.1.tlog
c:\users\dinf0014_admin\desktop\amigo\dllproject\dllproject\release\opencldll.tlog\link.command.1.tlog
c:\users\dinf0014_admin\desktop\amigo\dllproject\dllproject\release\opencldll.tlog\link.read.1.tlog
c:\users\dinf0014_admin\desktop\amigo\dllproject\dllproject\release\opencldll.tlog\link.write.1.tlog
c:\users\dinf0014_admin\desktop\amigo\dllproject\dllproject\release\opencldll.tlog\opencldll.write.1u.tlog
